<?xml version="1.0" encoding="UTF-8"?>
<testsuite xmlns:xsi="http://www.w3.org/2001/XMLSchema-instance" xsi:noNamespaceSchemaLocation="https://maven.apache.org/surefire/maven-surefire-plugin/xsd/surefire-test-report-3.0.xsd" version="3.0" name="TestSuite" time="18.245" tests="1" errors="0" skipped="0" failures="0">
  <properties>
[...]
</properties>
  <testcase name="runScenario[&quot;User searches for day care centers by zipcode and sees a list of facilities&quot;, &quot;Optional[Day Care Center Search]&quot;](1)" classname="cucumberoptions.TestNGTestRunner" time="17.017">
    <system-out><![CDATA[1. Name = Blaine KinderCare
   Phone = (763) 757-8893
   Address =  10851 Jefferson St NE Blaine MN 55434
2. Name = University Avenue KinderCare
   Phone = (763) 755-9067
   Address =  10790 University Ave NW Coon Rapids MN 55448
3. Name = Hanson Blvd KinderCare
   Phone = (763) 754-5522
   Address =  1755 121st Ave NW Coon Rapids MN 55448
4. Name = Moundsview KinderCare
   Phone = (763) 780-4304
   Address =  2791 Mounds View Blvd Mounds View MN 55112
5. Name = Armatage KinderCare
   Phone = (763) 784-8789
   Address =  12312 Fraizer Street NE Blaine MN 55449
6. Name = Marketplace KinderCare
   Phone = (763) 421-9580
   Address =  11544 Theatre Drive Champlin MN 55316
7. Name = Champlin KinderCare
   Phone = (763) 323-8300
   Address =  202 Hayden Lake Rd E Champlin MN 55316
8. Name = Fridley KinderCare
   Phone = (763) 572-1323
   Address =  5310 Monroe St NE Fridley MN 55421
9. Name = Brookdale KinderCare
   Phone = (763) 561-7013
   Address =  6020 Earle Brown Dr Brooklyn Center MN 55430
10. Name = Arden Hills KinderCare
   Phone = (651) 631-8728
   Address =  4545 Hamline Ave N Arden Hills MN 55112
11. Name = Brooklyn Blvd. KinderCare
   Phone = (763) 560-5534
   Address =  7660 Kentucky Ave N Brooklyn Park MN 55428
12. Name = Brooklyn Park KinderCare
   Phone = (763) 425-1126
   Address =  7924 Brooklyn Blvd Brooklyn Park MN 55445
13. Name = Bunker Lake KinderCare
   Phone = (763) 576-9586
   Address =  14100 Saint Francis Blvd Ramsey MN 55303
14. Name = Shoreview KinderCare
   Phone = (651) 482-9598
   Address =  4650 Hodgson Rd Shoreview MN 55126
15. Name = Lexington Avenue KinderCare
   Phone = (651) 482-7689
   Address =  3420 Lexington Ave N Shoreview MN 55126
16. Name = Oak Grove Knowledge Beginnings
   Phone = (651) 765-0555
   Address =  570 Oak Grove Pwy Vadnais Heights MN 55127
17. Name = Robbinsdale KinderCare
   Phone = (763) 535-4300
   Address =  4012 Adair Ave N Robbinsdale MN 55422
18. Name = Meadowlands KinderCare
   Phone = (651) 429-6316
   Address =  1000 Meadowlands Dr White Bear Lake MN 55127
19. Name = Maple Grove KinderCare
   Phone = (763) 553-7852
   Address =  6270 Sycamore Ln N Maple Grove MN 55369
20. Name = County Road KinderCare
   Phone = (763) 553-7775
   Address =  4475 Highway 169 N Plymouth MN 55442
21. Name = Roseville KinderCare
   Phone = (651) 631-0735
   Address =  2186 Fairview Ave N Roseville MN 55113
22. Name = Rice KinderCare
   Phone = (651) 490-1403
   Address =  181 County Road B2 W Roseville MN 55113
23. Name = University KinderCare
   Phone = (612) 623-4642
   Address =  525 Huron Blvd SE Minneapolis MN 55414
24. Name = Rush Creek KinderCare
   Phone = (763) 703-5189
   Address =  6999 Alvarado Lane N. Maple Grove MN 55311
25. Name = Maplewood KinderCare
   Phone = (651) 777-5133
   Address =  1925 County Road D E Maplewood MN 55109
26. Name = Maplewood KinderCare II
   Phone = (651) 770-1239
   Address =  2036 County Road D E Maplewood MN 55109
27. Name = Rockford Road KinderCare
   Phone = (763) 694-0769
   Address =  15755 Rockford Rd Plymouth MN 55446
]]></system-out>
    <system-err><![CDATA[SLF4J: Failed to load class "org.slf4j.impl.StaticLoggerBinder".
SLF4J: Defaulting to no-operation (NOP) logger implementation
SLF4J: See http://www.slf4j.org/codes.html#StaticLoggerBinder for further details.
Starting ChromeDriver 135.0.7049.42 (0f351bbd2617e0f775543271f34b7d241f8ebcdc-refs/branch-heads/7049@{#1349}) on port 39336
Only local connections are allowed.
Please see https://chromedriver.chromium.org/security-considerations for suggestions on keeping ChromeDriver safe.
ChromeDriver was started successfully on port 39336.
Apr 04, 2025 10:43:30 AM org.openqa.selenium.devtools.CdpVersionFinder findNearestMatch
WARNING: Unable to find CDP implementation matching 135
Apr 04, 2025 10:43:30 AM org.openqa.selenium.chromium.ChromiumDriver lambda$new$3
WARNING: Unable to find version of CDP to use for . You may need to include a dependency on a specific version of the CDP using something similar to `org.seleniumhq.selenium:selenium-devtools-v86:4.8.2` where the version ("v86") matches the version of the chromium-based browser you're using and the version number of the artifact is the same as Selenium's.
]]></system-err>
  </testcase>
</testsuite>