<?xml version="1.0" encoding="UTF-8"?>
<testng-results ignored="0" total="1" passed="1" failed="0" skipped="0">
  <reporter-output>
  </reporter-output>
  <suite started-at="2024-02-27T08:50:14 CST" name="Default suite" finished-at="2024-02-27T08:50:33 CST" duration-ms="19288">
    <groups>
      <group name="cucumber">
        <method signature="AbstractTestNGCucumberTests.runScenario(io.cucumber.testng.PickleWrapper,io.cucumber.testng.FeatureWrapper)[pri:0, instance:cucumberoptions.TestNGTestRunner@248e319b]" name="runScenario" class="io.cucumber.testng.AbstractTestNGCucumberTests"/>
      </group> <!-- cucumber -->
    </groups>
    <test started-at="2024-02-27T08:50:14 CST" name="Default test" finished-at="2024-02-27T08:50:33 CST" duration-ms="19288">
      <class name="cucumberoptions.TestNGTestRunner">
        <test-method is-config="true" signature="setUpClass(org.testng.ITestContext)[pri:0, instance:cucumberoptions.TestNGTestRunner@248e319b]" started-at="2024-02-27T08:50:14 CST" name="setUpClass" finished-at="2024-02-27T08:50:15 CST" duration-ms="749" status="PASS">
          <params>
            <param index="0">
              <value>
                <![CDATA[org.testng.TestRunner@7275c74b]]>
              </value>
            </param>
          </params>
          <reporter-output>
          </reporter-output>
        </test-method> <!-- setUpClass -->
        <test-method signature="runScenario(io.cucumber.testng.PickleWrapper,io.cucumber.testng.FeatureWrapper)[pri:0, instance:cucumberoptions.TestNGTestRunner@248e319b]" started-at="2024-02-27T08:50:15 CST" name="runScenario" description="Runs Cucumber Scenarios" data-provider="scenarios" finished-at="2024-02-27T08:50:33 CST" duration-ms="17984" status="PASS">
          <params>
            <param index="0">
              <value>
                <![CDATA["User searches for day care centers by zipcode and sees a list of facilities"]]>
              </value>
            </param>
            <param index="1">
              <value>
                <![CDATA["Optional[Day Care Center Search]"]]>
              </value>
            </param>
          </params>
          <reporter-output>
          </reporter-output>
        </test-method> <!-- runScenario -->
        <test-method is-config="true" signature="tearDownClass()[pri:0, instance:cucumberoptions.TestNGTestRunner@248e319b]" started-at="2024-02-27T08:50:33 CST" name="tearDownClass" finished-at="2024-02-27T08:50:33 CST" duration-ms="515" status="PASS">
          <reporter-output>
          </reporter-output>
        </test-method> <!-- tearDownClass -->
      </class> <!-- cucumberoptions.TestNGTestRunner -->
    </test> <!-- Default test -->
  </suite> <!-- Default suite -->
</testng-results>
